<?xml version="1.0" encoding="UTF-8"?>
<!-- Generated by org.testng.reporters.JUnitReportReporter -->
<testsuite hostname="PIKA-ASUS" failures="0" tests="1" name="automation.testsuit.Alada_LoginTesst" time="20.306" errors="0" timestamp="2025-08-17T20:51:09 ICT" skipped="0">
  <testcase classname="automation.testsuit.Alada_LoginTesst" name="loginSuccessfully" time="20.306"/>
</testsuite> <!-- automation.testsuit.Alada_LoginTesst -->
