<?xml version="1.0" encoding="UTF-8"?>
<!-- Generated by org.testng.reporters.JUnitReportReporter -->
<testsuite hostname="PIKA-ASUS" failures="0" tests="1" name="automation.testsuit.BTVN_Day7" time="6.264" errors="0" timestamp="2025-07-22T14:57:12 ICT" skipped="0">
  <testcase classname="automation.testsuit.BTVN_Day7" name="Nhanvien" time="6.264"/>
</testsuite> <!-- automation.testsuit.BTVN_Day7 -->
