<?xml version="1.0" encoding="UTF-8"?>
<!-- Generated by org.testng.reporters.JUnitReportReporter -->
<testsuite hostname="PIKA-ASUS" failures="0" tests="1" name="automation.testsuit.LoginTest" time="30.904" errors="0" timestamp="2025-08-17T10:43:07 ICT" skipped="0">
  <testcase classname="automation.testsuit.LoginTest" name="loginSuccessfully" time="30.904"/>
</testsuite> <!-- automation.testsuit.LoginTest -->
