<?xml version="1.0" encoding="UTF-8"?>
<!-- Generated by org.testng.reporters.JUnitReportReporter -->
<testsuite hostname="PIKA-ASUS" failures="0" tests="1" name="automation.testsuit.Day8_Practice" time="7.156" errors="0" timestamp="2025-07-29T09:17:04 ICT" skipped="0">
  <testcase classname="automation.testsuit.Day8_Practice" name="getElementUserEMail" time="7.156"/>
</testsuite> <!-- automation.testsuit.Day8_Practice -->
