<?xml version="1.0" encoding="UTF-8"?>
<!-- Generated by org.testng.reporters.JUnitReportReporter -->
<testsuite hostname="PIKA-ASUS" failures="0" tests="1" name="automation.testsuit.BTVN_Day13_TestLogin" time="73.080" errors="0" timestamp="2025-08-17T15:07:09 ICT" skipped="0">
  <testcase classname="automation.testsuit.BTVN_Day13_TestLogin" name="Logout" time="73.080"/>
</testsuite> <!-- automation.testsuit.BTVN_Day13_TestLogin -->
