<?xml version="1.0" encoding="UTF-8"?>
<!-- Generated by org.testng.reporters.JUnitReportReporter -->
<testsuite hostname="PIKA-ASUS" failures="0" tests="4" name="automation.testsuit.practiceXpathDay8" time="21.085" errors="0" timestamp="2025-07-29T09:33:52 ICT" skipped="0">
  <testcase classname="automation.testsuit.practiceXpathDay8" name="getElementByAddress" time="6.834"/>
  <testcase classname="automation.testsuit.practiceXpathDay8" name="getElementByName" time="5.049"/>
  <testcase classname="automation.testsuit.practiceXpathDay8" name="getElementByEmail" time="4.122"/>
  <testcase classname="automation.testsuit.practiceXpathDay8" name="getElementByPass" time="5.080"/>
</testsuite> <!-- automation.testsuit.practiceXpathDay8 -->
