<?xml version="1.0" encoding="UTF-8"?>
<!-- Generated by org.testng.reporters.JUnitReportReporter -->
<testsuite hostname="PIKA-ASUS" failures="0" tests="1" name="automation.testsuit.Homework_Day12" time="19.652" errors="0" timestamp="2025-08-13T05:59:41 ICT" skipped="0">
  <testcase classname="automation.testsuit.Homework_Day12" name="chooseSelectCountry" time="19.652"/>
</testsuite> <!-- automation.testsuit.Homework_Day12 -->
