<?xml version="1.0" encoding="UTF-8"?>
<!-- Generated by org.testng.reporters.JUnitReportReporter -->
<testsuite hostname="PIKA-ASUS" failures="0" tests="1" name="automation.testsuit.Day12" time="15.053" errors="0" timestamp="2025-08-10T16:24:32 ICT" skipped="0">
  <testcase classname="automation.testsuit.Day12" name="chooseHoies" time="15.053"/>
</testsuite> <!-- automation.testsuit.Day12 -->
